<?xml version="1.0" encoding="UTF-8"?>
<!-- Generated by org.testng.reporters.JUnitReportReporter -->
<testsuite hostname="LAPTOP-MJNOQ855" failures="0" tests="3" name="TestCases.AssignmentTest" time="73.697" errors="0" timestamp="2021-07-27T22:57:48 IST" skipped="0">
  <testcase classname="TestCases.AssignmentTest" name="Test3" time="19.666"/>
  <system-out/>
  <testcase classname="TestCases.AssignmentTest" name="Test1" time="21.399"/>
  <system-out/>
  <testcase classname="TestCases.AssignmentTest" name="Test2" time="32.632"/>
  <system-out/>
</testsuite> <!-- TestCases.AssignmentTest -->
